[INFO] Scanning for projects...
[INFO]                                                                         
[INFO] ------------------------------------------------------------------------
[INFO] Building favlang 0.0.1-SNAPSHOT
[INFO] ------------------------------------------------------------------------
[INFO] 
[INFO] --- maven-resources-plugin:2.6:resources (default-resources) @ favlang ---
[INFO] Using 'UTF-8' encoding to copy filtered resources.
[INFO] Copying 1 resource
[INFO] Copying 1 resource
[INFO] 
[INFO] --- maven-compiler-plugin:3.1:compile (default-compile) @ favlang ---
[INFO] Nothing to compile - all classes are up to date
[INFO] 
[INFO] --- maven-resources-plugin:2.6:testResources (default-testResources) @ favlang ---
[INFO] Using 'UTF-8' encoding to copy filtered resources.
[INFO] skip non existing resourceDirectory C:\Users\0013449\Desktop\favlang\src\test\resources
[INFO] 
[INFO] --- maven-compiler-plugin:3.1:testCompile (default-testCompile) @ favlang ---
[INFO] Nothing to compile - all classes are up to date
[INFO] 
[INFO] --- maven-surefire-plugin:2.18.1:test (default-test) @ favlang ---
[INFO] Surefire report directory: C:\Users\0013449\Desktop\favlang\target\surefire-reports

-------------------------------------------------------
 T E S T S
-------------------------------------------------------
11:07:09.372 [main] DEBUG org.springframework.test.context.junit4.SpringJUnit4ClassRunner - SpringJUnit4ClassRunner constructor called with [class com.tcook.github.favlag.controller.GitControllerIntegrationTests]
11:07:09.376 [main] DEBUG org.springframework.test.context.BootstrapUtils - Instantiating CacheAwareContextLoaderDelegate from class [org.springframework.test.context.cache.DefaultCacheAwareContextLoaderDelegate]
11:07:09.383 [main] DEBUG org.springframework.test.context.BootstrapUtils - Instantiating BootstrapContext using constructor [public org.springframework.test.context.support.DefaultBootstrapContext(java.lang.Class,org.springframework.test.context.CacheAwareContextLoaderDelegate)]
11:07:09.395 [main] DEBUG org.springframework.test.context.BootstrapUtils - Instantiating TestContextBootstrapper for test class [com.tcook.github.favlag.controller.GitControllerIntegrationTests] from class [org.springframework.boot.test.context.SpringBootTestContextBootstrapper]
11:07:09.404 [main] INFO org.springframework.boot.test.context.SpringBootTestContextBootstrapper - Neither @ContextConfiguration nor @ContextHierarchy found for test class [com.tcook.github.favlag.controller.GitControllerIntegrationTests], using SpringBootContextLoader
11:07:09.407 [main] DEBUG org.springframework.test.context.support.AbstractContextLoader - Did not detect default resource location for test class [com.tcook.github.favlag.controller.GitControllerIntegrationTests]: class path resource [com/tcook/github/favlag/controller/GitControllerIntegrationTests-context.xml] does not exist
11:07:09.408 [main] DEBUG org.springframework.test.context.support.AbstractContextLoader - Did not detect default resource location for test class [com.tcook.github.favlag.controller.GitControllerIntegrationTests]: class path resource [com/tcook/github/favlag/controller/GitControllerIntegrationTestsContext.groovy] does not exist
11:07:09.408 [main] INFO org.springframework.test.context.support.AbstractContextLoader - Could not detect default resource locations for test class [com.tcook.github.favlag.controller.GitControllerIntegrationTests]: no resource found for suffixes {-context.xml, Context.groovy}.
11:07:09.408 [main] INFO org.springframework.test.context.support.AnnotationConfigContextLoaderUtils - Could not detect default configuration classes for test class [com.tcook.github.favlag.controller.GitControllerIntegrationTests]: GitControllerIntegrationTests does not declare any static, non-private, non-final, nested classes annotated with @Configuration.
11:07:09.432 [main] DEBUG org.springframework.test.context.support.ActiveProfilesUtils - Could not find an 'annotation declaring class' for annotation type [org.springframework.test.context.ActiveProfiles] and class [com.tcook.github.favlag.controller.GitControllerIntegrationTests]
11:07:09.438 [main] DEBUG org.springframework.core.env.StandardEnvironment - Adding [systemProperties] PropertySource with lowest search precedence
11:07:09.439 [main] DEBUG org.springframework.core.env.StandardEnvironment - Adding [systemEnvironment] PropertySource with lowest search precedence
11:07:09.439 [main] DEBUG org.springframework.core.env.StandardEnvironment - Initialized StandardEnvironment with PropertySources [systemProperties,systemEnvironment]
11:07:09.446 [main] DEBUG org.springframework.core.io.support.PathMatchingResourcePatternResolver - Resolved classpath location [com/tcook/github/favlag/controller/] to resources [URL [file:/C:/Users/0013449/Desktop/favlang/target/test-classes/com/tcook/github/favlag/controller/], URL [file:/C:/Users/0013449/Desktop/favlang/target/classes/com/tcook/github/favlag/controller/]]
11:07:09.447 [main] DEBUG org.springframework.core.io.support.PathMatchingResourcePatternResolver - Looking for matching resources in directory tree [C:\Users\0013449\Desktop\favlang\target\test-classes\com\tcook\github\favlag\controller]
11:07:09.447 [main] DEBUG org.springframework.core.io.support.PathMatchingResourcePatternResolver - Searching directory [C:\Users\0013449\Desktop\favlang\target\test-classes\com\tcook\github\favlag\controller] for files matching pattern [C:/Users/0013449/Desktop/favlang/target/test-classes/com/tcook/github/favlag/controller/*.class]
11:07:09.449 [main] DEBUG org.springframework.core.io.support.PathMatchingResourcePatternResolver - Looking for matching resources in directory tree [C:\Users\0013449\Desktop\favlang\target\classes\com\tcook\github\favlag\controller]
11:07:09.449 [main] DEBUG org.springframework.core.io.support.PathMatchingResourcePatternResolver - Searching directory [C:\Users\0013449\Desktop\favlang\target\classes\com\tcook\github\favlag\controller] for files matching pattern [C:/Users/0013449/Desktop/favlang/target/classes/com/tcook/github/favlag/controller/*.class]
11:07:09.450 [main] DEBUG org.springframework.core.io.support.PathMatchingResourcePatternResolver - Resolved location pattern [classpath*:com/tcook/github/favlag/controller/*.class] to resources [file [C:\Users\0013449\Desktop\favlang\target\test-classes\com\tcook\github\favlag\controller\GitControllerIntegrationTests.class], file [C:\Users\0013449\Desktop\favlang\target\classes\com\tcook\github\favlag\controller\ExceptionControllerAdvice.class], file [C:\Users\0013449\Desktop\favlang\target\classes\com\tcook\github\favlag\controller\GitHubController.class]]
11:07:09.469 [main] DEBUG org.springframework.core.io.support.PathMatchingResourcePatternResolver - Resolved classpath location [com/tcook/github/favlag/] to resources [URL [file:/C:/Users/0013449/Desktop/favlang/target/test-classes/com/tcook/github/favlag/], URL [file:/C:/Users/0013449/Desktop/favlang/target/classes/com/tcook/github/favlag/]]
11:07:09.469 [main] DEBUG org.springframework.core.io.support.PathMatchingResourcePatternResolver - Looking for matching resources in directory tree [C:\Users\0013449\Desktop\favlang\target\test-classes\com\tcook\github\favlag]
11:07:09.469 [main] DEBUG org.springframework.core.io.support.PathMatchingResourcePatternResolver - Searching directory [C:\Users\0013449\Desktop\favlang\target\test-classes\com\tcook\github\favlag] for files matching pattern [C:/Users/0013449/Desktop/favlang/target/test-classes/com/tcook/github/favlag/*.class]
11:07:09.470 [main] DEBUG org.springframework.core.io.support.PathMatchingResourcePatternResolver - Looking for matching resources in directory tree [C:\Users\0013449\Desktop\favlang\target\classes\com\tcook\github\favlag]
11:07:09.470 [main] DEBUG org.springframework.core.io.support.PathMatchingResourcePatternResolver - Searching directory [C:\Users\0013449\Desktop\favlang\target\classes\com\tcook\github\favlag] for files matching pattern [C:/Users/0013449/Desktop/favlang/target/classes/com/tcook/github/favlag/*.class]
11:07:09.471 [main] DEBUG org.springframework.core.io.support.PathMatchingResourcePatternResolver - Resolved location pattern [classpath*:com/tcook/github/favlag/*.class] to resources [file [C:\Users\0013449\Desktop\favlang\target\classes\com\tcook\github\favlag\Constants.class], file [C:\Users\0013449\Desktop\favlang\target\classes\com\tcook\github\favlag\FavlangApplication.class]]
11:07:09.491 [main] DEBUG org.springframework.context.annotation.ClassPathScanningCandidateComponentProvider - Identified candidate component class: file [C:\Users\0013449\Desktop\favlang\target\classes\com\tcook\github\favlag\FavlangApplication.class]
11:07:09.492 [main] INFO org.springframework.boot.test.context.SpringBootTestContextBootstrapper - Found @SpringBootConfiguration com.tcook.github.favlag.FavlangApplication for test class com.tcook.github.favlag.controller.GitControllerIntegrationTests
11:07:09.494 [main] DEBUG org.springframework.boot.test.context.SpringBootTestContextBootstrapper - @TestExecutionListeners is not present for class [com.tcook.github.favlag.controller.GitControllerIntegrationTests]: using defaults.
11:07:09.497 [main] INFO org.springframework.boot.test.context.SpringBootTestContextBootstrapper - Loaded default TestExecutionListener class names from location [META-INF/spring.factories]: [org.springframework.boot.test.mock.mockito.MockitoTestExecutionListener, org.springframework.boot.test.mock.mockito.ResetMocksTestExecutionListener, org.springframework.boot.test.autoconfigure.restdocs.RestDocsTestExecutionListener, org.springframework.boot.test.autoconfigure.web.client.MockRestServiceServerResetTestExecutionListener, org.springframework.boot.test.autoconfigure.web.servlet.MockMvcPrintOnlyOnFailureTestExecutionListener, org.springframework.boot.test.autoconfigure.web.servlet.WebDriverTestExecutionListener, org.springframework.test.context.web.ServletTestExecutionListener, org.springframework.test.context.support.DirtiesContextBeforeModesTestExecutionListener, org.springframework.test.context.support.DependencyInjectionTestExecutionListener, org.springframework.test.context.support.DirtiesContextTestExecutionListener, org.springframework.test.context.transaction.TransactionalTestExecutionListener, org.springframework.test.context.jdbc.SqlScriptsTestExecutionListener]
11:07:09.503 [main] INFO org.springframework.boot.test.context.SpringBootTestContextBootstrapper - Could not instantiate TestExecutionListener [org.springframework.test.context.jdbc.SqlScriptsTestExecutionListener]. Specify custom listener classes or make the default listener classes (and their required dependencies) available. Offending class: [org/springframework/transaction/interceptor/TransactionAttribute]
11:07:09.506 [main] INFO org.springframework.boot.test.context.SpringBootTestContextBootstrapper - Could not instantiate TestExecutionListener [org.springframework.test.context.transaction.TransactionalTestExecutionListener]. Specify custom listener classes or make the default listener classes (and their required dependencies) available. Offending class: [org/springframework/transaction/interceptor/TransactionAttributeSource]
11:07:09.506 [main] INFO org.springframework.boot.test.context.SpringBootTestContextBootstrapper - Using TestExecutionListeners: [org.springframework.test.context.web.ServletTestExecutionListener@76a4d6c, org.springframework.test.context.support.DirtiesContextBeforeModesTestExecutionListener@517cd4b, org.springframework.boot.test.autoconfigure.SpringBootDependencyInjectionTestExecutionListener@6cc7b4de, org.springframework.test.context.support.DirtiesContextTestExecutionListener@32cf48b7, org.springframework.boot.test.mock.mockito.MockitoTestExecutionListener@679b62af, org.springframework.boot.test.autoconfigure.web.client.MockRestServiceServerResetTestExecutionListener@5cdd8682, org.springframework.boot.test.mock.mockito.ResetMocksTestExecutionListener@d6da883, org.springframework.boot.test.autoconfigure.web.servlet.WebDriverTestExecutionListener@45afc369, org.springframework.boot.test.autoconfigure.restdocs.RestDocsTestExecutionListener@799d4f69, org.springframework.boot.test.autoconfigure.web.servlet.MockMvcPrintOnlyOnFailureTestExecutionListener@49c43f4e]
11:07:09.508 [main] DEBUG org.springframework.test.context.junit4.SpringJUnit4ClassRunner - SpringJUnit4ClassRunner constructor called with [class com.tcook.github.favlag.dal.GitHubRestDALTests]
11:07:09.508 [main] DEBUG org.springframework.test.context.BootstrapUtils - Instantiating CacheAwareContextLoaderDelegate from class [org.springframework.test.context.cache.DefaultCacheAwareContextLoaderDelegate]
11:07:09.508 [main] DEBUG org.springframework.test.context.BootstrapUtils - Instantiating BootstrapContext using constructor [public org.springframework.test.context.support.DefaultBootstrapContext(java.lang.Class,org.springframework.test.context.CacheAwareContextLoaderDelegate)]
11:07:09.508 [main] DEBUG org.springframework.test.context.BootstrapUtils - Instantiating TestContextBootstrapper for test class [com.tcook.github.favlag.dal.GitHubRestDALTests] from class [org.springframework.boot.test.context.SpringBootTestContextBootstrapper]
11:07:09.509 [main] INFO org.springframework.boot.test.context.SpringBootTestContextBootstrapper - Neither @ContextConfiguration nor @ContextHierarchy found for test class [com.tcook.github.favlag.dal.GitHubRestDALTests], using SpringBootContextLoader
11:07:09.509 [main] DEBUG org.springframework.test.context.support.AbstractContextLoader - Did not detect default resource location for test class [com.tcook.github.favlag.dal.GitHubRestDALTests]: class path resource [com/tcook/github/favlag/dal/GitHubRestDALTests-context.xml] does not exist
11:07:09.509 [main] DEBUG org.springframework.test.context.support.AbstractContextLoader - Did not detect default resource location for test class [com.tcook.github.favlag.dal.GitHubRestDALTests]: class path resource [com/tcook/github/favlag/dal/GitHubRestDALTestsContext.groovy] does not exist
11:07:09.509 [main] INFO org.springframework.test.context.support.AbstractContextLoader - Could not detect default resource locations for test class [com.tcook.github.favlag.dal.GitHubRestDALTests]: no resource found for suffixes {-context.xml, Context.groovy}.
11:07:09.509 [main] INFO org.springframework.test.context.support.AnnotationConfigContextLoaderUtils - Could not detect default configuration classes for test class [com.tcook.github.favlag.dal.GitHubRestDALTests]: GitHubRestDALTests does not declare any static, non-private, non-final, nested classes annotated with @Configuration.
11:07:09.514 [main] DEBUG org.springframework.test.context.support.ActiveProfilesUtils - Could not find an 'annotation declaring class' for annotation type [org.springframework.test.context.ActiveProfiles] and class [com.tcook.github.favlag.dal.GitHubRestDALTests]
11:07:09.514 [main] DEBUG org.springframework.core.env.StandardEnvironment - Adding [systemProperties] PropertySource with lowest search precedence
11:07:09.514 [main] DEBUG org.springframework.core.env.StandardEnvironment - Adding [systemEnvironment] PropertySource with lowest search precedence
11:07:09.514 [main] DEBUG org.springframework.core.env.StandardEnvironment - Initialized StandardEnvironment with PropertySources [systemProperties,systemEnvironment]
11:07:09.514 [main] DEBUG org.springframework.core.io.support.PathMatchingResourcePatternResolver - Resolved classpath location [com/tcook/github/favlag/dal/] to resources [URL [file:/C:/Users/0013449/Desktop/favlang/target/test-classes/com/tcook/github/favlag/dal/], URL [file:/C:/Users/0013449/Desktop/favlang/target/classes/com/tcook/github/favlag/dal/]]
11:07:09.514 [main] DEBUG org.springframework.core.io.support.PathMatchingResourcePatternResolver - Looking for matching resources in directory tree [C:\Users\0013449\Desktop\favlang\target\test-classes\com\tcook\github\favlag\dal]
11:07:09.515 [main] DEBUG org.springframework.core.io.support.PathMatchingResourcePatternResolver - Searching directory [C:\Users\0013449\Desktop\favlang\target\test-classes\com\tcook\github\favlag\dal] for files matching pattern [C:/Users/0013449/Desktop/favlang/target/test-classes/com/tcook/github/favlag/dal/*.class]
11:07:09.515 [main] DEBUG org.springframework.core.io.support.PathMatchingResourcePatternResolver - Looking for matching resources in directory tree [C:\Users\0013449\Desktop\favlang\target\classes\com\tcook\github\favlag\dal]
11:07:09.515 [main] DEBUG org.springframework.core.io.support.PathMatchingResourcePatternResolver - Searching directory [C:\Users\0013449\Desktop\favlang\target\classes\com\tcook\github\favlag\dal] for files matching pattern [C:/Users/0013449/Desktop/favlang/target/classes/com/tcook/github/favlag/dal/*.class]
11:07:09.516 [main] DEBUG org.springframework.core.io.support.PathMatchingResourcePatternResolver - Resolved location pattern [classpath*:com/tcook/github/favlag/dal/*.class] to resources [file [C:\Users\0013449\Desktop\favlang\target\test-classes\com\tcook\github\favlag\dal\GitHubRestDALTests.class], file [C:\Users\0013449\Desktop\favlang\target\classes\com\tcook\github\favlag\dal\GitHubRestDAL.class], file [C:\Users\0013449\Desktop\favlang\target\classes\com\tcook\github\favlag\dal\GitHubRestDALImpl$1.class], file [C:\Users\0013449\Desktop\favlang\target\classes\com\tcook\github\favlag\dal\GitHubRestDALImpl.class]]
11:07:09.518 [main] DEBUG org.springframework.core.io.support.PathMatchingResourcePatternResolver - Resolved classpath location [com/tcook/github/favlag/] to resources [URL [file:/C:/Users/0013449/Desktop/favlang/target/test-classes/com/tcook/github/favlag/], URL [file:/C:/Users/0013449/Desktop/favlang/target/classes/com/tcook/github/favlag/]]
11:07:09.519 [main] DEBUG org.springframework.core.io.support.PathMatchingResourcePatternResolver - Looking for matching resources in directory tree [C:\Users\0013449\Desktop\favlang\target\test-classes\com\tcook\github\favlag]
11:07:09.519 [main] DEBUG org.springframework.core.io.support.PathMatchingResourcePatternResolver - Searching directory [C:\Users\0013449\Desktop\favlang\target\test-classes\com\tcook\github\favlag] for files matching pattern [C:/Users/0013449/Desktop/favlang/target/test-classes/com/tcook/github/favlag/*.class]
11:07:09.519 [main] DEBUG org.springframework.core.io.support.PathMatchingResourcePatternResolver - Looking for matching resources in directory tree [C:\Users\0013449\Desktop\favlang\target\classes\com\tcook\github\favlag]
11:07:09.519 [main] DEBUG org.springframework.core.io.support.PathMatchingResourcePatternResolver - Searching directory [C:\Users\0013449\Desktop\favlang\target\classes\com\tcook\github\favlag] for files matching pattern [C:/Users/0013449/Desktop/favlang/target/classes/com/tcook/github/favlag/*.class]
11:07:09.520 [main] DEBUG org.springframework.core.io.support.PathMatchingResourcePatternResolver - Resolved location pattern [classpath*:com/tcook/github/favlag/*.class] to resources [file [C:\Users\0013449\Desktop\favlang\target\classes\com\tcook\github\favlag\Constants.class], file [C:\Users\0013449\Desktop\favlang\target\classes\com\tcook\github\favlag\FavlangApplication.class]]
11:07:09.521 [main] DEBUG org.springframework.context.annotation.ClassPathScanningCandidateComponentProvider - Identified candidate component class: file [C:\Users\0013449\Desktop\favlang\target\classes\com\tcook\github\favlag\FavlangApplication.class]
11:07:09.521 [main] INFO org.springframework.boot.test.context.SpringBootTestContextBootstrapper - Found @SpringBootConfiguration com.tcook.github.favlag.FavlangApplication for test class com.tcook.github.favlag.dal.GitHubRestDALTests
11:07:09.522 [main] DEBUG org.springframework.boot.test.context.SpringBootTestContextBootstrapper - @TestExecutionListeners is not present for class [com.tcook.github.favlag.dal.GitHubRestDALTests]: using defaults.
11:07:09.524 [main] INFO org.springframework.boot.test.context.SpringBootTestContextBootstrapper - Loaded default TestExecutionListener class names from location [META-INF/spring.factories]: [org.springframework.boot.test.mock.mockito.MockitoTestExecutionListener, org.springframework.boot.test.mock.mockito.ResetMocksTestExecutionListener, org.springframework.boot.test.autoconfigure.restdocs.RestDocsTestExecutionListener, org.springframework.boot.test.autoconfigure.web.client.MockRestServiceServerResetTestExecutionListener, org.springframework.boot.test.autoconfigure.web.servlet.MockMvcPrintOnlyOnFailureTestExecutionListener, org.springframework.boot.test.autoconfigure.web.servlet.WebDriverTestExecutionListener, org.springframework.test.context.web.ServletTestExecutionListener, org.springframework.test.context.support.DirtiesContextBeforeModesTestExecutionListener, org.springframework.test.context.support.DependencyInjectionTestExecutionListener, org.springframework.test.context.support.DirtiesContextTestExecutionListener, org.springframework.test.context.transaction.TransactionalTestExecutionListener, org.springframework.test.context.jdbc.SqlScriptsTestExecutionListener]
11:07:09.526 [main] INFO org.springframework.boot.test.context.SpringBootTestContextBootstrapper - Could not instantiate TestExecutionListener [org.springframework.test.context.jdbc.SqlScriptsTestExecutionListener]. Specify custom listener classes or make the default listener classes (and their required dependencies) available. Offending class: [org/springframework/transaction/interceptor/TransactionAttribute]
11:07:09.526 [main] INFO org.springframework.boot.test.context.SpringBootTestContextBootstrapper - Could not instantiate TestExecutionListener [org.springframework.test.context.transaction.TransactionalTestExecutionListener]. Specify custom listener classes or make the default listener classes (and their required dependencies) available. Offending class: [org/springframework/transaction/interceptor/TransactionAttributeSource]
11:07:09.527 [main] INFO org.springframework.boot.test.context.SpringBootTestContextBootstrapper - Using TestExecutionListeners: [org.springframework.test.context.web.ServletTestExecutionListener@62bd765, org.springframework.test.context.support.DirtiesContextBeforeModesTestExecutionListener@23a5fd2, org.springframework.boot.test.autoconfigure.SpringBootDependencyInjectionTestExecutionListener@78a2da20, org.springframework.test.context.support.DirtiesContextTestExecutionListener@dd3b207, org.springframework.boot.test.mock.mockito.MockitoTestExecutionListener@551bdc27, org.springframework.boot.test.autoconfigure.web.client.MockRestServiceServerResetTestExecutionListener@58fdd99, org.springframework.boot.test.mock.mockito.ResetMocksTestExecutionListener@6b1274d2, org.springframework.boot.test.autoconfigure.web.servlet.WebDriverTestExecutionListener@7bc1a03d, org.springframework.boot.test.autoconfigure.restdocs.RestDocsTestExecutionListener@70b0b186, org.springframework.boot.test.autoconfigure.web.servlet.MockMvcPrintOnlyOnFailureTestExecutionListener@ba8d91c]
11:07:09.548 [main] DEBUG org.springframework.test.context.junit4.SpringJUnit4ClassRunner - SpringJUnit4ClassRunner constructor called with [class com.tcook.github.favlag.services.GitHubServiceTests]
11:07:09.548 [main] DEBUG org.springframework.test.context.BootstrapUtils - Instantiating CacheAwareContextLoaderDelegate from class [org.springframework.test.context.cache.DefaultCacheAwareContextLoaderDelegate]
11:07:09.548 [main] DEBUG org.springframework.test.context.BootstrapUtils - Instantiating BootstrapContext using constructor [public org.springframework.test.context.support.DefaultBootstrapContext(java.lang.Class,org.springframework.test.context.CacheAwareContextLoaderDelegate)]
11:07:09.549 [main] DEBUG org.springframework.test.context.BootstrapUtils - Instantiating TestContextBootstrapper for test class [com.tcook.github.favlag.services.GitHubServiceTests] from class [org.springframework.boot.test.context.SpringBootTestContextBootstrapper]
11:07:09.549 [main] INFO org.springframework.boot.test.context.SpringBootTestContextBootstrapper - Neither @ContextConfiguration nor @ContextHierarchy found for test class [com.tcook.github.favlag.services.GitHubServiceTests], using SpringBootContextLoader
11:07:09.549 [main] DEBUG org.springframework.test.context.support.AbstractContextLoader - Did not detect default resource location for test class [com.tcook.github.favlag.services.GitHubServiceTests]: class path resource [com/tcook/github/favlag/services/GitHubServiceTests-context.xml] does not exist
11:07:09.550 [main] DEBUG org.springframework.test.context.support.AbstractContextLoader - Did not detect default resource location for test class [com.tcook.github.favlag.services.GitHubServiceTests]: class path resource [com/tcook/github/favlag/services/GitHubServiceTestsContext.groovy] does not exist
11:07:09.550 [main] INFO org.springframework.test.context.support.AbstractContextLoader - Could not detect default resource locations for test class [com.tcook.github.favlag.services.GitHubServiceTests]: no resource found for suffixes {-context.xml, Context.groovy}.
11:07:09.550 [main] INFO org.springframework.test.context.support.AnnotationConfigContextLoaderUtils - Could not detect default configuration classes for test class [com.tcook.github.favlag.services.GitHubServiceTests]: GitHubServiceTests does not declare any static, non-private, non-final, nested classes annotated with @Configuration.
11:07:09.552 [main] DEBUG org.springframework.test.context.support.ActiveProfilesUtils - Could not find an 'annotation declaring class' for annotation type [org.springframework.test.context.ActiveProfiles] and class [com.tcook.github.favlag.services.GitHubServiceTests]
11:07:09.552 [main] DEBUG org.springframework.core.env.StandardEnvironment - Adding [systemProperties] PropertySource with lowest search precedence
11:07:09.552 [main] DEBUG org.springframework.core.env.StandardEnvironment - Adding [systemEnvironment] PropertySource with lowest search precedence
11:07:09.552 [main] DEBUG org.springframework.core.env.StandardEnvironment - Initialized StandardEnvironment with PropertySources [systemProperties,systemEnvironment]
11:07:09.553 [main] DEBUG org.springframework.core.io.support.PathMatchingResourcePatternResolver - Resolved classpath location [com/tcook/github/favlag/services/] to resources [URL [file:/C:/Users/0013449/Desktop/favlang/target/test-classes/com/tcook/github/favlag/services/], URL [file:/C:/Users/0013449/Desktop/favlang/target/classes/com/tcook/github/favlag/services/]]
11:07:09.553 [main] DEBUG org.springframework.core.io.support.PathMatchingResourcePatternResolver - Looking for matching resources in directory tree [C:\Users\0013449\Desktop\favlang\target\test-classes\com\tcook\github\favlag\services]
11:07:09.553 [main] DEBUG org.springframework.core.io.support.PathMatchingResourcePatternResolver - Searching directory [C:\Users\0013449\Desktop\favlang\target\test-classes\com\tcook\github\favlag\services] for files matching pattern [C:/Users/0013449/Desktop/favlang/target/test-classes/com/tcook/github/favlag/services/*.class]
11:07:09.554 [main] DEBUG org.springframework.core.io.support.PathMatchingResourcePatternResolver - Looking for matching resources in directory tree [C:\Users\0013449\Desktop\favlang\target\classes\com\tcook\github\favlag\services]
11:07:09.554 [main] DEBUG org.springframework.core.io.support.PathMatchingResourcePatternResolver - Searching directory [C:\Users\0013449\Desktop\favlang\target\classes\com\tcook\github\favlag\services] for files matching pattern [C:/Users/0013449/Desktop/favlang/target/classes/com/tcook/github/favlag/services/*.class]
11:07:09.555 [main] DEBUG org.springframework.core.io.support.PathMatchingResourcePatternResolver - Resolved location pattern [classpath*:com/tcook/github/favlag/services/*.class] to resources [file [C:\Users\0013449\Desktop\favlang\target\test-classes\com\tcook\github\favlag\services\GitHubServiceTests$1.class], file [C:\Users\0013449\Desktop\favlang\target\test-classes\com\tcook\github\favlag\services\GitHubServiceTests$2.class], file [C:\Users\0013449\Desktop\favlang\target\test-classes\com\tcook\github\favlag\services\GitHubServiceTests.class], file [C:\Users\0013449\Desktop\favlang\target\classes\com\tcook\github\favlag\services\GitHubService.class], file [C:\Users\0013449\Desktop\favlang\target\classes\com\tcook\github\favlag\services\GitHubServiceImpl.class]]
11:07:09.557 [main] DEBUG org.springframework.core.io.support.PathMatchingResourcePatternResolver - Resolved classpath location [com/tcook/github/favlag/] to resources [URL [file:/C:/Users/0013449/Desktop/favlang/target/test-classes/com/tcook/github/favlag/], URL [file:/C:/Users/0013449/Desktop/favlang/target/classes/com/tcook/github/favlag/]]
11:07:09.557 [main] DEBUG org.springframework.core.io.support.PathMatchingResourcePatternResolver - Looking for matching resources in directory tree [C:\Users\0013449\Desktop\favlang\target\test-classes\com\tcook\github\favlag]
11:07:09.557 [main] DEBUG org.springframework.core.io.support.PathMatchingResourcePatternResolver - Searching directory [C:\Users\0013449\Desktop\favlang\target\test-classes\com\tcook\github\favlag] for files matching pattern [C:/Users/0013449/Desktop/favlang/target/test-classes/com/tcook/github/favlag/*.class]
11:07:09.558 [main] DEBUG org.springframework.core.io.support.PathMatchingResourcePatternResolver - Looking for matching resources in directory tree [C:\Users\0013449\Desktop\favlang\target\classes\com\tcook\github\favlag]
11:07:09.558 [main] DEBUG org.springframework.core.io.support.PathMatchingResourcePatternResolver - Searching directory [C:\Users\0013449\Desktop\favlang\target\classes\com\tcook\github\favlag] for files matching pattern [C:/Users/0013449/Desktop/favlang/target/classes/com/tcook/github/favlag/*.class]
11:07:09.559 [main] DEBUG org.springframework.core.io.support.PathMatchingResourcePatternResolver - Resolved location pattern [classpath*:com/tcook/github/favlag/*.class] to resources [file [C:\Users\0013449\Desktop\favlang\target\classes\com\tcook\github\favlag\Constants.class], file [C:\Users\0013449\Desktop\favlang\target\classes\com\tcook\github\favlag\FavlangApplication.class]]
11:07:09.560 [main] DEBUG org.springframework.context.annotation.ClassPathScanningCandidateComponentProvider - Identified candidate component class: file [C:\Users\0013449\Desktop\favlang\target\classes\com\tcook\github\favlag\FavlangApplication.class]
11:07:09.560 [main] INFO org.springframework.boot.test.context.SpringBootTestContextBootstrapper - Found @SpringBootConfiguration com.tcook.github.favlag.FavlangApplication for test class com.tcook.github.favlag.services.GitHubServiceTests
11:07:09.561 [main] DEBUG org.springframework.boot.test.context.SpringBootTestContextBootstrapper - @TestExecutionListeners is not present for class [com.tcook.github.favlag.services.GitHubServiceTests]: using defaults.
11:07:09.562 [main] INFO org.springframework.boot.test.context.SpringBootTestContextBootstrapper - Loaded default TestExecutionListener class names from location [META-INF/spring.factories]: [org.springframework.boot.test.mock.mockito.MockitoTestExecutionListener, org.springframework.boot.test.mock.mockito.ResetMocksTestExecutionListener, org.springframework.boot.test.autoconfigure.restdocs.RestDocsTestExecutionListener, org.springframework.boot.test.autoconfigure.web.client.MockRestServiceServerResetTestExecutionListener, org.springframework.boot.test.autoconfigure.web.servlet.MockMvcPrintOnlyOnFailureTestExecutionListener, org.springframework.boot.test.autoconfigure.web.servlet.WebDriverTestExecutionListener, org.springframework.test.context.web.ServletTestExecutionListener, org.springframework.test.context.support.DirtiesContextBeforeModesTestExecutionListener, org.springframework.test.context.support.DependencyInjectionTestExecutionListener, org.springframework.test.context.support.DirtiesContextTestExecutionListener, org.springframework.test.context.transaction.TransactionalTestExecutionListener, org.springframework.test.context.jdbc.SqlScriptsTestExecutionListener]
11:07:09.565 [main] INFO org.springframework.boot.test.context.SpringBootTestContextBootstrapper - Could not instantiate TestExecutionListener [org.springframework.test.context.jdbc.SqlScriptsTestExecutionListener]. Specify custom listener classes or make the default listener classes (and their required dependencies) available. Offending class: [org/springframework/transaction/interceptor/TransactionAttribute]
11:07:09.565 [main] INFO org.springframework.boot.test.context.SpringBootTestContextBootstrapper - Could not instantiate TestExecutionListener [org.springframework.test.context.transaction.TransactionalTestExecutionListener]. Specify custom listener classes or make the default listener classes (and their required dependencies) available. Offending class: [org/springframework/transaction/interceptor/TransactionAttributeSource]
11:07:09.566 [main] INFO org.springframework.boot.test.context.SpringBootTestContextBootstrapper - Using TestExecutionListeners: [org.springframework.test.context.web.ServletTestExecutionListener@5e4c8041, org.springframework.test.context.support.DirtiesContextBeforeModesTestExecutionListener@71c8becc, org.springframework.boot.test.autoconfigure.SpringBootDependencyInjectionTestExecutionListener@19d37183, org.springframework.test.context.support.DirtiesContextTestExecutionListener@1a0dcaa, org.springframework.boot.test.mock.mockito.MockitoTestExecutionListener@3bd40a57, org.springframework.boot.test.autoconfigure.web.client.MockRestServiceServerResetTestExecutionListener@fdefd3f, org.springframework.boot.test.mock.mockito.ResetMocksTestExecutionListener@d83da2e, org.springframework.boot.test.autoconfigure.web.servlet.WebDriverTestExecutionListener@a4102b8, org.springframework.boot.test.autoconfigure.restdocs.RestDocsTestExecutionListener@11dc3715, org.springframework.boot.test.autoconfigure.web.servlet.MockMvcPrintOnlyOnFailureTestExecutionListener@69930714]
11:07:09.568 [main] DEBUG org.springframework.test.annotation.ProfileValueUtils - Retrieved @ProfileValueSourceConfiguration [null] for test class [com.tcook.github.favlag.controller.GitControllerIntegrationTests]
11:07:09.569 [main] DEBUG org.springframework.test.annotation.ProfileValueUtils - Retrieved ProfileValueSource type [class org.springframework.test.annotation.SystemProfileValueSource] for class [com.tcook.github.favlag.controller.GitControllerIntegrationTests]
11:07:09.569 [main] DEBUG org.springframework.test.annotation.ProfileValueUtils - Retrieved @ProfileValueSourceConfiguration [null] for test class [com.tcook.github.favlag.dal.GitHubRestDALTests]
11:07:09.569 [main] DEBUG org.springframework.test.annotation.ProfileValueUtils - Retrieved ProfileValueSource type [class org.springframework.test.annotation.SystemProfileValueSource] for class [com.tcook.github.favlag.dal.GitHubRestDALTests]
11:07:09.570 [main] DEBUG org.springframework.test.annotation.ProfileValueUtils - Retrieved @ProfileValueSourceConfiguration [null] for test class [com.tcook.github.favlag.services.GitHubServiceTests]
11:07:09.570 [main] DEBUG org.springframework.test.annotation.ProfileValueUtils - Retrieved ProfileValueSource type [class org.springframework.test.annotation.SystemProfileValueSource] for class [com.tcook.github.favlag.services.GitHubServiceTests]
Running com.tcook.github.favlag.controller.GitControllerIntegrationTests
11:07:09.572 [main] DEBUG org.springframework.test.context.junit4.SpringJUnit4ClassRunner - SpringJUnit4ClassRunner constructor called with [class com.tcook.github.favlag.controller.GitControllerIntegrationTests]
11:07:09.572 [main] DEBUG org.springframework.test.context.BootstrapUtils - Instantiating CacheAwareContextLoaderDelegate from class [org.springframework.test.context.cache.DefaultCacheAwareContextLoaderDelegate]
11:07:09.572 [main] DEBUG org.springframework.test.context.BootstrapUtils - Instantiating BootstrapContext using constructor [public org.springframework.test.context.support.DefaultBootstrapContext(java.lang.Class,org.springframework.test.context.CacheAwareContextLoaderDelegate)]
11:07:09.572 [main] DEBUG org.springframework.test.context.BootstrapUtils - Instantiating TestContextBootstrapper for test class [com.tcook.github.favlag.controller.GitControllerIntegrationTests] from class [org.springframework.boot.test.context.SpringBootTestContextBootstrapper]
11:07:09.572 [main] INFO org.springframework.boot.test.context.SpringBootTestContextBootstrapper - Neither @ContextConfiguration nor @ContextHierarchy found for test class [com.tcook.github.favlag.controller.GitControllerIntegrationTests], using SpringBootContextLoader
11:07:09.573 [main] DEBUG org.springframework.test.context.support.AbstractContextLoader - Did not detect default resource location for test class [com.tcook.github.favlag.controller.GitControllerIntegrationTests]: class path resource [com/tcook/github/favlag/controller/GitControllerIntegrationTests-context.xml] does not exist
11:07:09.573 [main] DEBUG org.springframework.test.context.support.AbstractContextLoader - Did not detect default resource location for test class [com.tcook.github.favlag.controller.GitControllerIntegrationTests]: class path resource [com/tcook/github/favlag/controller/GitControllerIntegrationTestsContext.groovy] does not exist
11:07:09.573 [main] INFO org.springframework.test.context.support.AbstractContextLoader - Could not detect default resource locations for test class [com.tcook.github.favlag.controller.GitControllerIntegrationTests]: no resource found for suffixes {-context.xml, Context.groovy}.
11:07:09.573 [main] INFO org.springframework.test.context.support.AnnotationConfigContextLoaderUtils - Could not detect default configuration classes for test class [com.tcook.github.favlag.controller.GitControllerIntegrationTests]: GitControllerIntegrationTests does not declare any static, non-private, non-final, nested classes annotated with @Configuration.
11:07:09.575 [main] DEBUG org.springframework.test.context.support.ActiveProfilesUtils - Could not find an 'annotation declaring class' for annotation type [org.springframework.test.context.ActiveProfiles] and class [com.tcook.github.favlag.controller.GitControllerIntegrationTests]
11:07:09.576 [main] DEBUG org.springframework.core.env.StandardEnvironment - Adding [systemProperties] PropertySource with lowest search precedence
11:07:09.576 [main] DEBUG org.springframework.core.env.StandardEnvironment - Adding [systemEnvironment] PropertySource with lowest search precedence
11:07:09.576 [main] DEBUG org.springframework.core.env.StandardEnvironment - Initialized StandardEnvironment with PropertySources [systemProperties,systemEnvironment]
11:07:09.576 [main] INFO org.springframework.boot.test.context.SpringBootTestContextBootstrapper - Found @SpringBootConfiguration com.tcook.github.favlag.FavlangApplication for test class com.tcook.github.favlag.controller.GitControllerIntegrationTests
11:07:09.576 [main] DEBUG org.springframework.boot.test.context.SpringBootTestContextBootstrapper - @TestExecutionListeners is not present for class [com.tcook.github.favlag.controller.GitControllerIntegrationTests]: using defaults.
11:07:09.578 [main] INFO org.springframework.boot.test.context.SpringBootTestContextBootstrapper - Loaded default TestExecutionListener class names from location [META-INF/spring.factories]: [org.springframework.boot.test.mock.mockito.MockitoTestExecutionListener, org.springframework.boot.test.mock.mockito.ResetMocksTestExecutionListener, org.springframework.boot.test.autoconfigure.restdocs.RestDocsTestExecutionListener, org.springframework.boot.test.autoconfigure.web.client.MockRestServiceServerResetTestExecutionListener, org.springframework.boot.test.autoconfigure.web.servlet.MockMvcPrintOnlyOnFailureTestExecutionListener, org.springframework.boot.test.autoconfigure.web.servlet.WebDriverTestExecutionListener, org.springframework.test.context.web.ServletTestExecutionListener, org.springframework.test.context.support.DirtiesContextBeforeModesTestExecutionListener, org.springframework.test.context.support.DependencyInjectionTestExecutionListener, org.springframework.test.context.support.DirtiesContextTestExecutionListener, org.springframework.test.context.transaction.TransactionalTestExecutionListener, org.springframework.test.context.jdbc.SqlScriptsTestExecutionListener]
11:07:09.580 [main] INFO org.springframework.boot.test.context.SpringBootTestContextBootstrapper - Could not instantiate TestExecutionListener [org.springframework.test.context.jdbc.SqlScriptsTestExecutionListener]. Specify custom listener classes or make the default listener classes (and their required dependencies) available. Offending class: [org/springframework/transaction/interceptor/TransactionAttribute]
11:07:09.580 [main] INFO org.springframework.boot.test.context.SpringBootTestContextBootstrapper - Could not instantiate TestExecutionListener [org.springframework.test.context.transaction.TransactionalTestExecutionListener]. Specify custom listener classes or make the default listener classes (and their required dependencies) available. Offending class: [org/springframework/transaction/interceptor/TransactionAttributeSource]
11:07:09.580 [main] INFO org.springframework.boot.test.context.SpringBootTestContextBootstrapper - Using TestExecutionListeners: [org.springframework.test.context.web.ServletTestExecutionListener@12d4bf7e, org.springframework.test.context.support.DirtiesContextBeforeModesTestExecutionListener@4c1d9d4b, org.springframework.boot.test.autoconfigure.SpringBootDependencyInjectionTestExecutionListener@7b227d8d, org.springframework.test.context.support.DirtiesContextTestExecutionListener@7219ec67, org.springframework.boot.test.mock.mockito.MockitoTestExecutionListener@45018215, org.springframework.boot.test.autoconfigure.web.client.MockRestServiceServerResetTestExecutionListener@65d6b83b, org.springframework.boot.test.mock.mockito.ResetMocksTestExecutionListener@d706f19, org.springframework.boot.test.autoconfigure.web.servlet.WebDriverTestExecutionListener@30b7c004, org.springframework.boot.test.autoconfigure.restdocs.RestDocsTestExecutionListener@79efed2d, org.springframework.boot.test.autoconfigure.web.servlet.MockMvcPrintOnlyOnFailureTestExecutionListener@2928854b]
11:07:09.581 [main] DEBUG org.springframework.test.annotation.ProfileValueUtils - Retrieved @ProfileValueSourceConfiguration [null] for test class [com.tcook.github.favlag.controller.GitControllerIntegrationTests]
11:07:09.581 [main] DEBUG org.springframework.test.annotation.ProfileValueUtils - Retrieved ProfileValueSource type [class org.springframework.test.annotation.SystemProfileValueSource] for class [com.tcook.github.favlag.controller.GitControllerIntegrationTests]
11:07:09.581 [main] DEBUG org.springframework.test.annotation.ProfileValueUtils - Retrieved @ProfileValueSourceConfiguration [null] for test class [com.tcook.github.favlag.controller.GitControllerIntegrationTests]
11:07:09.581 [main] DEBUG org.springframework.test.annotation.ProfileValueUtils - Retrieved ProfileValueSource type [class org.springframework.test.annotation.SystemProfileValueSource] for class [com.tcook.github.favlag.controller.GitControllerIntegrationTests]
11:07:09.584 [main] DEBUG org.springframework.test.context.support.AbstractDirtiesContextTestExecutionListener - Before test class: context [DefaultTestContext@4445629 testClass = GitControllerIntegrationTests, testInstance = [null], testMethod = [null], testException = [null], mergedContextConfiguration = [WebMergedContextConfiguration@45b9a632 testClass = GitControllerIntegrationTests, locations = '{}', classes = '{class com.tcook.github.favlag.FavlangApplication}', contextInitializerClasses = '[]', activeProfiles = '{}', propertySourceLocations = '{}', propertySourceProperties = '{org.springframework.boot.test.context.SpringBootTestContextBootstrapper=true}', contextCustomizers = set[org.springframework.boot.test.context.SpringBootTestContextCustomizer@6b09bb57, org.springframework.boot.test.context.filter.ExcludeFilterContextCustomizer@18eed359, org.springframework.boot.test.mock.mockito.MockitoContextCustomizer@0, org.springframework.boot.test.autoconfigure.properties.PropertyMappingContextCustomizer@0, org.springframework.boot.test.autoconfigure.web.servlet.WebDriverContextCustomizerFactory$Customizer@1f36e637], resourceBasePath = 'src/main/webapp', contextLoader = 'org.springframework.boot.test.context.SpringBootContextLoader', parent = [null]]], class annotated with @DirtiesContext [false] with mode [null].
11:07:09.585 [main] DEBUG org.springframework.test.annotation.ProfileValueUtils - Retrieved @ProfileValueSourceConfiguration [null] for test class [com.tcook.github.favlag.controller.GitControllerIntegrationTests]
11:07:09.585 [main] DEBUG org.springframework.test.annotation.ProfileValueUtils - Retrieved ProfileValueSource type [class org.springframework.test.annotation.SystemProfileValueSource] for class [com.tcook.github.favlag.controller.GitControllerIntegrationTests]
11:07:09.629 [main] DEBUG org.springframework.core.env.StandardEnvironment - Adding [systemProperties] PropertySource with lowest search precedence
11:07:09.630 [main] DEBUG org.springframework.core.env.StandardEnvironment - Adding [systemEnvironment] PropertySource with lowest search precedence
11:07:09.630 [main] DEBUG org.springframework.core.env.StandardEnvironment - Initialized StandardEnvironment with PropertySources [systemProperties,systemEnvironment]
11:07:09.631 [main] DEBUG org.springframework.core.env.MutablePropertySources - Adding [inline] PropertySource with highest search precedence
11:07:09.634 [main] DEBUG org.springframework.test.context.support.TestPropertySourceUtils - Adding inlined properties to environment: {spring.jmx.enabled=false, org.springframework.boot.test.context.SpringBootTestContextBootstrapper=true, server.port=-1}
11:07:09.634 [main] DEBUG org.springframework.core.env.StandardEnvironment - Adding [Inlined Test Properties] PropertySource with highest search precedence

  .   ____          _            __ _ _
 /\\ / ___'_ __ _ _(_)_ __  __ _ \ \ \ \
( ( )\___ | '_ | '_| | '_ \/ _` | \ \ \ \
 \\/  ___)| |_)| | | | | || (_| |  ) ) ) )
  '  |____| .__|_| |_|_| |_\__, | / / / /
 =========|_|==============|___/=/_/_/_/
 :: Spring Boot ::        (v1.5.2.RELEASE)

2017-04-17 11:07:09.828  INFO 5200 --- [           main] c.t.g.f.c.GitControllerIntegrationTests  : Starting GitControllerIntegrationTests on S4P36810 with PID 5200 (started by 0013449 in C:\Users\0013449\Desktop\favlang)
2017-04-17 11:07:09.829  INFO 5200 --- [           main] c.t.g.f.c.GitControllerIntegrationTests  : No active profile set, falling back to default profiles: default
2017-04-17 11:07:09.878  INFO 5200 --- [           main] o.s.w.c.s.GenericWebApplicationContext   : Refreshing org.springframework.web.context.support.GenericWebApplicationContext@2ea41516: startup date [Mon Apr 17 11:07:09 CEST 2017]; root of context hierarchy
2017-04-17 11:07:10.506  INFO 5200 --- [           main] trationDelegate$BeanPostProcessorChecker : Bean 'org.springframework.cache.annotation.ProxyCachingConfiguration' of type [org.springframework.cache.annotation.ProxyCachingConfiguration$$EnhancerBySpringCGLIB$$c2994a05] is not eligible for getting processed by all BeanPostProcessors (for example: not eligible for auto-proxying)
2017-04-17 11:07:10.527  INFO 5200 --- [           main] trationDelegate$BeanPostProcessorChecker : Bean 'org.springframework.boot.autoconfigure.cache.CacheAutoConfiguration' of type [org.springframework.boot.autoconfigure.cache.CacheAutoConfiguration$$EnhancerBySpringCGLIB$$b70d0ea9] is not eligible for getting processed by all BeanPostProcessors (for example: not eligible for auto-proxying)
2017-04-17 11:07:10.545  INFO 5200 --- [           main] trationDelegate$BeanPostProcessorChecker : Bean 'spring.cache-org.springframework.boot.autoconfigure.cache.CacheProperties' of type [org.springframework.boot.autoconfigure.cache.CacheProperties] is not eligible for getting processed by all BeanPostProcessors (for example: not eligible for auto-proxying)
2017-04-17 11:07:10.552  INFO 5200 --- [           main] trationDelegate$BeanPostProcessorChecker : Bean 'cacheManagerCustomizers' of type [org.springframework.boot.autoconfigure.cache.CacheManagerCustomizers] is not eligible for getting processed by all BeanPostProcessors (for example: not eligible for auto-proxying)
2017-04-17 11:07:10.555  INFO 5200 --- [           main] trationDelegate$BeanPostProcessorChecker : Bean 'org.springframework.boot.autoconfigure.cache.SimpleCacheConfiguration' of type [org.springframework.boot.autoconfigure.cache.SimpleCacheConfiguration$$EnhancerBySpringCGLIB$$58a8818a] is not eligible for getting processed by all BeanPostProcessors (for example: not eligible for auto-proxying)
2017-04-17 11:07:10.564  INFO 5200 --- [           main] trationDelegate$BeanPostProcessorChecker : Bean 'cacheManager' of type [org.springframework.cache.concurrent.ConcurrentMapCacheManager] is not eligible for getting processed by all BeanPostProcessors (for example: not eligible for auto-proxying)
2017-04-17 11:07:10.565  INFO 5200 --- [           main] trationDelegate$BeanPostProcessorChecker : Bean 'cacheAutoConfigurationValidator' of type [org.springframework.boot.autoconfigure.cache.CacheAutoConfiguration$CacheManagerValidator] is not eligible for getting processed by all BeanPostProcessors (for example: not eligible for auto-proxying)
2017-04-17 11:07:10.998  INFO 5200 --- [           main] s.w.s.m.m.a.RequestMappingHandlerAdapter : Looking for @ControllerAdvice: org.springframework.web.context.support.GenericWebApplicationContext@2ea41516: startup date [Mon Apr 17 11:07:09 CEST 2017]; root of context hierarchy
2017-04-17 11:07:11.049  INFO 5200 --- [           main] s.w.s.m.m.a.RequestMappingHandlerMapping : Mapped "{[/favlang],methods=[GET]}" onto public java.lang.String com.tcook.github.favlag.controller.GitHubController.index(java.lang.String,org.springframework.ui.Model) throws com.fasterxml.jackson.core.JsonProcessingException,java.io.IOException
2017-04-17 11:07:11.051  INFO 5200 --- [           main] s.w.s.m.m.a.RequestMappingHandlerMapping : Mapped "{[/error]}" onto public org.springframework.http.ResponseEntity<java.util.Map<java.lang.String, java.lang.Object>> org.springframework.boot.autoconfigure.web.BasicErrorController.error(javax.servlet.http.HttpServletRequest)
2017-04-17 11:07:11.051  INFO 5200 --- [           main] s.w.s.m.m.a.RequestMappingHandlerMapping : Mapped "{[/error],produces=[text/html]}" onto public org.springframework.web.servlet.ModelAndView org.springframework.boot.autoconfigure.web.BasicErrorController.errorHtml(javax.servlet.http.HttpServletRequest,javax.servlet.http.HttpServletResponse)
2017-04-17 11:07:11.077  INFO 5200 --- [           main] o.s.w.s.handler.SimpleUrlHandlerMapping  : Mapped URL path [/webjars/**] onto handler of type [class org.springframework.web.servlet.resource.ResourceHttpRequestHandler]
2017-04-17 11:07:11.077  INFO 5200 --- [           main] o.s.w.s.handler.SimpleUrlHandlerMapping  : Mapped URL path [/**] onto handler of type [class org.springframework.web.servlet.resource.ResourceHttpRequestHandler]
2017-04-17 11:07:11.093  INFO 5200 --- [           main] .m.m.a.ExceptionHandlerExceptionResolver : Detected @ExceptionHandler methods in exceptionControllerAdvice
2017-04-17 11:07:11.114  INFO 5200 --- [           main] o.s.w.s.handler.SimpleUrlHandlerMapping  : Mapped URL path [/**/favicon.ico] onto handler of type [class org.springframework.web.servlet.resource.ResourceHttpRequestHandler]
2017-04-17 11:07:11.254  INFO 5200 --- [           main] c.t.g.f.c.GitControllerIntegrationTests  : Started GitControllerIntegrationTests in 1.612 seconds (JVM running for 2.118)
2017-04-17 11:07:11.278  INFO 5200 --- [           main] ilder$StaticRequestMappingHandlerMapping : Mapped "{[/favlang],methods=[GET]}" onto public java.lang.String com.tcook.github.favlag.controller.GitHubController.index(java.lang.String,org.springframework.ui.Model) throws com.fasterxml.jackson.core.JsonProcessingException,java.io.IOException
2017-04-17 11:07:11.286  INFO 5200 --- [           main] s.w.s.m.m.a.RequestMappingHandlerAdapter : Looking for @ControllerAdvice: org.springframework.test.web.servlet.setup.StubWebApplicationContext@57bd2029
2017-04-17 11:07:11.293  INFO 5200 --- [           main] o.s.mock.web.MockServletContext          : Initializing Spring FrameworkServlet ''
2017-04-17 11:07:11.294  INFO 5200 --- [           main] o.s.t.web.servlet.TestDispatcherServlet  : FrameworkServlet '': initialization started
2017-04-17 11:07:11.294  INFO 5200 --- [           main] o.s.t.web.servlet.TestDispatcherServlet  : FrameworkServlet '': initialization completed in 0 ms

MockHttpServletRequest:
      HTTP Method = GET
      Request URI = /favlang
       Parameters = {}
          Headers = {}

Handler:
             Type = com.tcook.github.favlag.controller.GitHubController
           Method = public java.lang.String com.tcook.github.favlag.controller.GitHubController.index(java.lang.String,org.springframework.ui.Model) throws com.fasterxml.jackson.core.JsonProcessingException,java.io.IOException

Async:
    Async started = false
     Async result = null

Resolved Exception:
             Type = null

ModelAndView:
        View name = index
             View = null
        Attribute = username
            value = null
        Attribute = languages
            value = []

FlashMap:
       Attributes = null

MockHttpServletResponse:
           Status = 200
    Error message = null
          Headers = {}
     Content type = null
             Body = 
    Forwarded URL = /WEB-INF/jsp/index.jsp
   Redirected URL = null
          Cookies = []
2017-04-17 11:07:11.367  INFO 5200 --- [           main] ilder$StaticRequestMappingHandlerMapping : Mapped "{[/favlang],methods=[GET]}" onto public java.lang.String com.tcook.github.favlag.controller.GitHubController.index(java.lang.String,org.springframework.ui.Model) throws com.fasterxml.jackson.core.JsonProcessingException,java.io.IOException
2017-04-17 11:07:11.377  INFO 5200 --- [           main] s.w.s.m.m.a.RequestMappingHandlerAdapter : Looking for @ControllerAdvice: org.springframework.test.web.servlet.setup.StubWebApplicationContext@bdecc21
2017-04-17 11:07:11.380  INFO 5200 --- [           main] o.s.mock.web.MockServletContext          : Initializing Spring FrameworkServlet ''
2017-04-17 11:07:11.380  INFO 5200 --- [           main] o.s.t.web.servlet.TestDispatcherServlet  : FrameworkServlet '': initialization started
2017-04-17 11:07:11.381  INFO 5200 --- [           main] o.s.t.web.servlet.TestDispatcherServlet  : FrameworkServlet '': initialization completed in 1 ms

MockHttpServletRequest:
      HTTP Method = GET
      Request URI = /favlang
       Parameters = {username=[32432aaa]}
          Headers = {}

Handler:
             Type = com.tcook.github.favlag.controller.GitHubController
           Method = public java.lang.String com.tcook.github.favlag.controller.GitHubController.index(java.lang.String,org.springframework.ui.Model) throws com.fasterxml.jackson.core.JsonProcessingException,java.io.IOException

Async:
    Async started = false
     Async result = null

Resolved Exception:
             Type = null

ModelAndView:
        View name = index
             View = null
        Attribute = error
            value = Invalid Username
        Attribute = username
            value = 32432aaa
        Attribute = languages
            value = []

FlashMap:
       Attributes = null

MockHttpServletResponse:
           Status = 200
    Error message = null
          Headers = {}
     Content type = null
             Body = 
    Forwarded URL = /WEB-INF/jsp/index.jsp
   Redirected URL = null
          Cookies = []
2017-04-17 11:07:11.389  INFO 5200 --- [           main] ilder$StaticRequestMappingHandlerMapping : Mapped "{[/favlang],methods=[GET]}" onto public java.lang.String com.tcook.github.favlag.controller.GitHubController.index(java.lang.String,org.springframework.ui.Model) throws com.fasterxml.jackson.core.JsonProcessingException,java.io.IOException
2017-04-17 11:07:11.396  INFO 5200 --- [           main] s.w.s.m.m.a.RequestMappingHandlerAdapter : Looking for @ControllerAdvice: org.springframework.test.web.servlet.setup.StubWebApplicationContext@1d782abe
2017-04-17 11:07:11.398  INFO 5200 --- [           main] o.s.mock.web.MockServletContext          : Initializing Spring FrameworkServlet ''
2017-04-17 11:07:11.398  INFO 5200 --- [           main] o.s.t.web.servlet.TestDispatcherServlet  : FrameworkServlet '': initialization started
2017-04-17 11:07:11.399  INFO 5200 --- [           main] o.s.t.web.servlet.TestDispatcherServlet  : FrameworkServlet '': initialization completed in 0 ms

MockHttpServletRequest:
      HTTP Method = GET
      Request URI = /favlang
       Parameters = {username=[kioto]}
          Headers = {}

Handler:
             Type = com.tcook.github.favlag.controller.GitHubController
           Method = public java.lang.String com.tcook.github.favlag.controller.GitHubController.index(java.lang.String,org.springframework.ui.Model) throws com.fasterxml.jackson.core.JsonProcessingException,java.io.IOException

Async:
    Async started = false
     Async result = null

Resolved Exception:
             Type = null

ModelAndView:
        View name = index
             View = null
        Attribute = username
            value = kioto
        Attribute = languages
            value = [Language [name=Jupyter Notebook, codeBytes=122897], Language [name=Python, codeBytes=75228], Language [name=Java, codeBytes=28021], Language [name=Shell, codeBytes=1208]]

FlashMap:
       Attributes = null

MockHttpServletResponse:
           Status = 200
    Error message = null
          Headers = {}
     Content type = null
             Body = 
    Forwarded URL = /WEB-INF/jsp/index.jsp
   Redirected URL = null
          Cookies = []
Tests run: 3, Failures: 0, Errors: 0, Skipped: 0, Time elapsed: 5.657 sec - in com.tcook.github.favlag.controller.GitControllerIntegrationTests
Running com.tcook.github.favlag.dal.GitHubRestDALTests
2017-04-17 11:07:15.229  INFO 5200 --- [           main] .b.t.c.SpringBootTestContextBootstrapper : Neither @ContextConfiguration nor @ContextHierarchy found for test class [com.tcook.github.favlag.dal.GitHubRestDALTests], using SpringBootContextLoader
2017-04-17 11:07:15.231  INFO 5200 --- [           main] o.s.t.c.support.AbstractContextLoader    : Could not detect default resource locations for test class [com.tcook.github.favlag.dal.GitHubRestDALTests]: no resource found for suffixes {-context.xml, Context.groovy}.
2017-04-17 11:07:15.231  INFO 5200 --- [           main] t.c.s.AnnotationConfigContextLoaderUtils : Could not detect default configuration classes for test class [com.tcook.github.favlag.dal.GitHubRestDALTests]: GitHubRestDALTests does not declare any static, non-private, non-final, nested classes annotated with @Configuration.
2017-04-17 11:07:15.255  INFO 5200 --- [           main] .b.t.c.SpringBootTestContextBootstrapper : Found @SpringBootConfiguration com.tcook.github.favlag.FavlangApplication for test class com.tcook.github.favlag.dal.GitHubRestDALTests
2017-04-17 11:07:15.259  INFO 5200 --- [           main] .b.t.c.SpringBootTestContextBootstrapper : Loaded default TestExecutionListener class names from location [META-INF/spring.factories]: [org.springframework.boot.test.mock.mockito.MockitoTestExecutionListener, org.springframework.boot.test.mock.mockito.ResetMocksTestExecutionListener, org.springframework.boot.test.autoconfigure.restdocs.RestDocsTestExecutionListener, org.springframework.boot.test.autoconfigure.web.client.MockRestServiceServerResetTestExecutionListener, org.springframework.boot.test.autoconfigure.web.servlet.MockMvcPrintOnlyOnFailureTestExecutionListener, org.springframework.boot.test.autoconfigure.web.servlet.WebDriverTestExecutionListener, org.springframework.test.context.web.ServletTestExecutionListener, org.springframework.test.context.support.DirtiesContextBeforeModesTestExecutionListener, org.springframework.test.context.support.DependencyInjectionTestExecutionListener, org.springframework.test.context.support.DirtiesContextTestExecutionListener, org.springframework.test.context.transaction.TransactionalTestExecutionListener, org.springframework.test.context.jdbc.SqlScriptsTestExecutionListener]
2017-04-17 11:07:15.264  INFO 5200 --- [           main] .b.t.c.SpringBootTestContextBootstrapper : Could not instantiate TestExecutionListener [org.springframework.test.context.jdbc.SqlScriptsTestExecutionListener]. Specify custom listener classes or make the default listener classes (and their required dependencies) available. Offending class: [org/springframework/transaction/interceptor/TransactionAttribute]
2017-04-17 11:07:15.265  INFO 5200 --- [           main] .b.t.c.SpringBootTestContextBootstrapper : Could not instantiate TestExecutionListener [org.springframework.test.context.transaction.TransactionalTestExecutionListener]. Specify custom listener classes or make the default listener classes (and their required dependencies) available. Offending class: [org/springframework/transaction/interceptor/TransactionAttributeSource]
2017-04-17 11:07:15.265  INFO 5200 --- [           main] .b.t.c.SpringBootTestContextBootstrapper : Using TestExecutionListeners: [org.springframework.test.context.web.ServletTestExecutionListener@4f4c789f, org.springframework.test.context.support.DirtiesContextBeforeModesTestExecutionListener@13f9ad9, org.springframework.boot.test.autoconfigure.SpringBootDependencyInjectionTestExecutionListener@1b7cae6f, org.springframework.test.context.support.DirtiesContextTestExecutionListener@21f8e55f, org.springframework.boot.test.mock.mockito.MockitoTestExecutionListener@d5ce97f, org.springframework.boot.test.autoconfigure.web.client.MockRestServiceServerResetTestExecutionListener@7048535f, org.springframework.boot.test.mock.mockito.ResetMocksTestExecutionListener@e3994ef, org.springframework.boot.test.autoconfigure.web.servlet.WebDriverTestExecutionListener@680d4a6a, org.springframework.boot.test.autoconfigure.restdocs.RestDocsTestExecutionListener@2f04105, org.springframework.boot.test.autoconfigure.web.servlet.MockMvcPrintOnlyOnFailureTestExecutionListener@309028af]
Tests run: 5, Failures: 0, Errors: 0, Skipped: 0, Time elapsed: 0.974 sec - in com.tcook.github.favlag.dal.GitHubRestDALTests
Running com.tcook.github.favlag.services.GitHubServiceTests
2017-04-17 11:07:16.231  INFO 5200 --- [           main] .b.t.c.SpringBootTestContextBootstrapper : Neither @ContextConfiguration nor @ContextHierarchy found for test class [com.tcook.github.favlag.services.GitHubServiceTests], using SpringBootContextLoader
2017-04-17 11:07:16.232  INFO 5200 --- [           main] o.s.t.c.support.AbstractContextLoader    : Could not detect default resource locations for test class [com.tcook.github.favlag.services.GitHubServiceTests]: no resource found for suffixes {-context.xml, Context.groovy}.
2017-04-17 11:07:16.233  INFO 5200 --- [           main] t.c.s.AnnotationConfigContextLoaderUtils : Could not detect default configuration classes for test class [com.tcook.github.favlag.services.GitHubServiceTests]: GitHubServiceTests does not declare any static, non-private, non-final, nested classes annotated with @Configuration.
2017-04-17 11:07:16.262  INFO 5200 --- [           main] .b.t.c.SpringBootTestContextBootstrapper : Found @SpringBootConfiguration com.tcook.github.favlag.FavlangApplication for test class com.tcook.github.favlag.services.GitHubServiceTests
2017-04-17 11:07:16.268  INFO 5200 --- [           main] .b.t.c.SpringBootTestContextBootstrapper : Loaded default TestExecutionListener class names from location [META-INF/spring.factories]: [org.springframework.boot.test.mock.mockito.MockitoTestExecutionListener, org.springframework.boot.test.mock.mockito.ResetMocksTestExecutionListener, org.springframework.boot.test.autoconfigure.restdocs.RestDocsTestExecutionListener, org.springframework.boot.test.autoconfigure.web.client.MockRestServiceServerResetTestExecutionListener, org.springframework.boot.test.autoconfigure.web.servlet.MockMvcPrintOnlyOnFailureTestExecutionListener, org.springframework.boot.test.autoconfigure.web.servlet.WebDriverTestExecutionListener, org.springframework.test.context.web.ServletTestExecutionListener, org.springframework.test.context.support.DirtiesContextBeforeModesTestExecutionListener, org.springframework.test.context.support.DependencyInjectionTestExecutionListener, org.springframework.test.context.support.DirtiesContextTestExecutionListener, org.springframework.test.context.transaction.TransactionalTestExecutionListener, org.springframework.test.context.jdbc.SqlScriptsTestExecutionListener]
2017-04-17 11:07:16.273  INFO 5200 --- [           main] .b.t.c.SpringBootTestContextBootstrapper : Could not instantiate TestExecutionListener [org.springframework.test.context.jdbc.SqlScriptsTestExecutionListener]. Specify custom listener classes or make the default listener classes (and their required dependencies) available. Offending class: [org/springframework/transaction/interceptor/TransactionAttribute]
2017-04-17 11:07:16.273  INFO 5200 --- [           main] .b.t.c.SpringBootTestContextBootstrapper : Could not instantiate TestExecutionListener [org.springframework.test.context.transaction.TransactionalTestExecutionListener]. Specify custom listener classes or make the default listener classes (and their required dependencies) available. Offending class: [org/springframework/transaction/interceptor/TransactionAttributeSource]
2017-04-17 11:07:16.273  INFO 5200 --- [           main] .b.t.c.SpringBootTestContextBootstrapper : Using TestExecutionListeners: [org.springframework.test.context.web.ServletTestExecutionListener@7e736350, org.springframework.test.context.support.DirtiesContextBeforeModesTestExecutionListener@36b310aa, org.springframework.boot.test.autoconfigure.SpringBootDependencyInjectionTestExecutionListener@76c387f9, org.springframework.test.context.support.DirtiesContextTestExecutionListener@3874b815, org.springframework.boot.test.mock.mockito.MockitoTestExecutionListener@5d7835a8, org.springframework.boot.test.autoconfigure.web.client.MockRestServiceServerResetTestExecutionListener@736048ed, org.springframework.boot.test.mock.mockito.ResetMocksTestExecutionListener@1976f537, org.springframework.boot.test.autoconfigure.web.servlet.WebDriverTestExecutionListener@45f421c, org.springframework.boot.test.autoconfigure.restdocs.RestDocsTestExecutionListener@1816e24a, org.springframework.boot.test.autoconfigure.web.servlet.MockMvcPrintOnlyOnFailureTestExecutionListener@6940f685]
Tests run: 3, Failures: 0, Errors: 0, Skipped: 0, Time elapsed: 0.134 sec - in com.tcook.github.favlag.services.GitHubServiceTests
2017-04-17 11:07:16.376  INFO 5200 --- [       Thread-2] o.s.w.c.s.GenericWebApplicationContext   : Closing org.springframework.web.context.support.GenericWebApplicationContext@2ea41516: startup date [Mon Apr 17 11:07:09 CEST 2017]; root of context hierarchy

Results :

Tests run: 11, Failures: 0, Errors: 0, Skipped: 0

[INFO] ------------------------------------------------------------------------
[INFO] BUILD SUCCESS
[INFO] ------------------------------------------------------------------------
[INFO] Total time: 8.518 s
[INFO] Finished at: 2017-04-17T11:07:16+02:00
[INFO] Final Memory: 17M/220M
[INFO] ------------------------------------------------------------------------
